00:00.0 Host bridge: Intel Corporation Xeon E3-1200 v6/7th Gen Core Processor Host Bridge/DRAM Registers (rev 05)
	Subsystem: CLEVO/KAPOK Computer Xeon E3-1200 v6/7th Gen Core Processor Host Bridge/DRAM Registers
	Flags: bus master, fast devsel, latency 0
	Capabilities: [e0] Vendor Specific Information: Len=10 <?>

00:01.0 PCI bridge: Intel Corporation Xeon E3-1200 v5/E3-1500 v5/6th Gen Core Processor PCIe Controller (x16) (rev 05) (prog-if 00 [Normal decode])
	Flags: bus master, fast devsel, latency 0, IRQ 16
	Bus: primary=00, secondary=01, subordinate=01, sec-latency=0
	I/O behind bridge: 0000e000-0000efff [size=4K]
	Memory behind bridge: de000000-df0fffff [size=17M]
	Prefetchable memory behind bridge: 00000000c0000000-00000000d1ffffff [size=288M]
	Capabilities: [88] Subsystem: CLEVO/KAPOK Computer Xeon E3-1200 v5/E3-1500 v5/6th Gen Core Processor PCIe Controller (x16)
	Capabilities: [80] Power Management version 3
	Capabilities: [90] MSI: Enable- Count=1/1 Maskable- 64bit-
	Capabilities: [a0] Express Root Port (Slot+), MSI 00
	Capabilities: [100] Virtual Channel
	Capabilities: [140] Root Complex Link
	Capabilities: [d94] Secondary PCI Express <?>
	Kernel driver in use: pcieport

00:02.0 VGA compatible controller: Intel Corporation HD Graphics 610 (rev 04) (prog-if 00 [VGA controller])
	Subsystem: CLEVO/KAPOK Computer HD Graphics 610
	Flags: bus master, fast devsel, latency 0, IRQ 128
	Memory at dd000000 (64-bit, non-prefetchable) [size=16M]
	Memory at a0000000 (64-bit, prefetchable) [size=512M]
	I/O ports at f000 [size=64]
	[virtual] Expansion ROM at 000c0000 [disabled] [size=128K]
	Capabilities: [40] Vendor Specific Information: Len=0c <?>
	Capabilities: [70] Express Root Complex Integrated Endpoint, MSI 00
	Capabilities: [ac] MSI: Enable+ Count=1/1 Maskable- 64bit-
	Capabilities: [d0] Power Management version 2
	Capabilities: [100] Process Address Space ID (PASID)
	Capabilities: [200] Address Translation Service (ATS)
	Capabilities: [300] Page Request Interface (PRI)
	Kernel driver in use: i915
	Kernel modules: i915

00:14.0 USB controller: Intel Corporation Sunrise Point-H USB 3.0 xHCI Controller (rev 31) (prog-if 30 [XHCI])
	Subsystem: CLEVO/KAPOK Computer Sunrise Point-H USB 3.0 xHCI Controller
	Flags: bus master, medium devsel, latency 0, IRQ 126
	Memory at df310000 (64-bit, non-prefetchable) [size=64K]
	Capabilities: [70] Power Management version 2
	Capabilities: [80] MSI: Enable+ Count=1/8 Maskable- 64bit+
	Kernel driver in use: xhci_hcd

00:16.0 Communication controller: Intel Corporation Sunrise Point-H CSME HECI #1 (rev 31)
	Subsystem: CLEVO/KAPOK Computer Sunrise Point-H CSME HECI
	Flags: fast devsel, IRQ 255
	Memory at df32d000 (64-bit, non-prefetchable) [disabled] [size=4K]
	Capabilities: [50] Power Management version 3
	Capabilities: [8c] MSI: Enable- Count=1/1 Maskable- 64bit+

00:17.0 SATA controller: Intel Corporation Sunrise Point-H SATA controller [AHCI mode] (rev 31) (prog-if 01 [AHCI 1.0])
	Subsystem: CLEVO/KAPOK Computer Sunrise Point-H SATA controller [AHCI mode]
	Flags: bus master, 66MHz, medium devsel, latency 0, IRQ 124
	Memory at df328000 (32-bit, non-prefetchable) [size=8K]
	Memory at df32c000 (32-bit, non-prefetchable) [size=256]
	I/O ports at f090 [size=8]
	I/O ports at f080 [size=4]
	I/O ports at f060 [size=32]
	Memory at df32b000 (32-bit, non-prefetchable) [size=2K]
	Capabilities: [80] MSI: Enable+ Count=1/1 Maskable- 64bit-
	Capabilities: [70] Power Management version 3
	Capabilities: [a8] SATA HBA v1.0
	Kernel driver in use: ahci

00:1b.0 PCI bridge: Intel Corporation Sunrise Point-H PCI Root Port #19 (rev f1) (prog-if 00 [Normal decode])
	Flags: bus master, fast devsel, latency 0, IRQ 18
	Bus: primary=00, secondary=02, subordinate=02, sec-latency=0
	I/O behind bridge: 0000d000-0000dfff [size=4K]
	Memory behind bridge: df200000-df2fffff [size=1M]
	Prefetchable memory behind bridge: None
	Capabilities: [40] Express Root Port (Slot+), MSI 00
	Capabilities: [80] MSI: Enable- Count=1/1 Maskable- 64bit-
	Capabilities: [90] Subsystem: CLEVO/KAPOK Computer Sunrise Point-H PCI Root Port
	Capabilities: [a0] Power Management version 3
	Capabilities: [100] Advanced Error Reporting
	Capabilities: [140] Access Control Services
	Capabilities: [220] Secondary PCI Express <?>
	Kernel driver in use: pcieport

00:1c.0 PCI bridge: Intel Corporation Sunrise Point-H PCI Express Root Port #3 (rev f1) (prog-if 00 [Normal decode])
	Flags: bus master, fast devsel, latency 0, IRQ 18
	Bus: primary=00, secondary=03, subordinate=03, sec-latency=0
	I/O behind bridge: None
	Memory behind bridge: df100000-df1fffff [size=1M]
	Prefetchable memory behind bridge: None
	Capabilities: [40] Express Root Port (Slot+), MSI 00
	Capabilities: [80] MSI: Enable- Count=1/1 Maskable- 64bit-
	Capabilities: [90] Subsystem: CLEVO/KAPOK Computer Sunrise Point-H PCI Express Root Port
	Capabilities: [a0] Power Management version 3
	Capabilities: [100] Advanced Error Reporting
	Capabilities: [140] Access Control Services
	Capabilities: [220] Secondary PCI Express <?>
	Kernel driver in use: pcieport

00:1f.0 ISA bridge: Intel Corporation Sunrise Point-H LPC Controller (rev 31)
	Subsystem: CLEVO/KAPOK Computer Sunrise Point-H LPC Controller
	Flags: bus master, medium devsel, latency 0

00:1f.2 Memory controller: Intel Corporation Sunrise Point-H PMC (rev 31)
	Subsystem: CLEVO/KAPOK Computer Sunrise Point-H PMC
	Flags: fast devsel
	Memory at df324000 (32-bit, non-prefetchable) [disabled] [size=16K]

00:1f.3 Audio device: Intel Corporation Sunrise Point-H HD Audio (rev 31)
	Subsystem: CLEVO/KAPOK Computer Sunrise Point-H HD Audio
	Flags: bus master, fast devsel, latency 32, IRQ 129
	Memory at df320000 (64-bit, non-prefetchable) [size=16K]
	Memory at df300000 (64-bit, non-prefetchable) [size=64K]
	Capabilities: [50] Power Management version 3
	Capabilities: [60] MSI: Enable+ Count=1/1 Maskable- 64bit+
	Kernel driver in use: snd_hda_intel
	Kernel modules: snd_hda_intel

00:1f.4 SMBus: Intel Corporation Sunrise Point-H SMBus (rev 31)
	Subsystem: CLEVO/KAPOK Computer Sunrise Point-H SMBus
	Flags: medium devsel, IRQ 16
	Memory at df32a000 (64-bit, non-prefetchable) [size=256]
	I/O ports at f040 [size=32]
	Kernel driver in use: i801_smbus

01:00.0 3D controller: NVIDIA Corporation GM107M [GeForce GTX 950M] (rev ff) (prog-if ff)
	!!! Unknown header type 7f
	Kernel modules: nvidia_drm, nvidia

02:00.0 Unassigned class [ff00]: Realtek Semiconductor Co., Ltd. RTL8411B PCI Express Card Reader (rev 01)
	Subsystem: CLEVO/KAPOK Computer RTL8411B PCI Express Card Reader
	Flags: bus master, fast devsel, latency 0, IRQ 123
	Memory at df215000 (32-bit, non-prefetchable) [size=4K]
	Expansion ROM at df200000 [disabled] [size=64K]
	Capabilities: [40] Power Management version 3
	Capabilities: [50] MSI: Enable+ Count=1/1 Maskable- 64bit+
	Capabilities: [70] Express Endpoint, MSI 00
	Capabilities: [b0] MSI-X: Enable- Count=1 Masked-
	Capabilities: [d0] Vital Product Data
	Capabilities: [100] Advanced Error Reporting
	Capabilities: [140] Virtual Channel
	Capabilities: [160] Device Serial Number 00-00-00-00-00-00-00-00
	Capabilities: [170] Latency Tolerance Reporting
	Capabilities: [178] L1 PM Substates
	Kernel driver in use: rtsx_pci

02:00.1 Ethernet controller: Realtek Semiconductor Co., Ltd. RTL8111/8168/8411 PCI Express Gigabit Ethernet Controller (rev 12)
	Subsystem: CLEVO/KAPOK Computer RTL8111/8168/8411 PCI Express Gigabit Ethernet Controller
	Flags: bus master, fast devsel, latency 0, IRQ 18
	I/O ports at d000 [size=256]
	Memory at df214000 (64-bit, non-prefetchable) [size=4K]
	Memory at df210000 (64-bit, non-prefetchable) [size=16K]
	Capabilities: [40] Power Management version 3
	Capabilities: [50] MSI: Enable- Count=1/1 Maskable- 64bit+
	Capabilities: [70] Express Endpoint, MSI 01
	Capabilities: [b0] MSI-X: Enable+ Count=4 Masked-
	Capabilities: [d0] Vital Product Data
	Capabilities: [100] Advanced Error Reporting
	Capabilities: [160] Device Serial Number 01-00-00-00-68-4c-e0-00
	Capabilities: [170] Latency Tolerance Reporting
	Capabilities: [178] L1 PM Substates
	Kernel driver in use: r8169

03:00.0 Network controller: Intel Corporation Wireless 3165 (rev 81)
	Subsystem: Intel Corporation Dual Band Wireless AC 3165
	Flags: bus master, fast devsel, latency 0, IRQ 127
	Memory at df100000 (64-bit, non-prefetchable) [size=8K]
	Capabilities: [c8] Power Management version 3
	Capabilities: [d0] MSI: Enable+ Count=1/1 Maskable- 64bit+
	Capabilities: [40] Express Endpoint, MSI 00
	Capabilities: [100] Advanced Error Reporting
	Capabilities: [140] Device Serial Number 84-ef-18-ff-ff-4e-95-49
	Capabilities: [14c] Latency Tolerance Reporting
	Capabilities: [154] L1 PM Substates
	Kernel driver in use: iwlwifi
	Kernel modules: iwlwifi

